<?xml version="1.0" encoding="UTF-8"?>
<testsuites name="jest tests" tests="35" failures="0" errors="0" time="4.63">
  <testsuite name="Roulette" errors="0" failures="0" skipped="0" timestamp="2023-11-20T06:46:02" time="0.799" tests="1">
    <testcase classname="Roulette random" name="Roulette random" time="0.031">
    </testcase>
  </testsuite>
  <testsuite name="GameLobbyStore" errors="0" failures="0" skipped="0" timestamp="2023-11-20T06:46:02" time="1.136" tests="10">
    <testcase classname="GameLobbyStore init should initialize the database connection and collection" name="GameLobbyStore init should initialize the database connection and collection" time="0.038">
    </testcase>
    <testcase classname="GameLobbyStore insertLobby should insert a new lobby into the collection" name="GameLobbyStore insertLobby should insert a new lobby into the collection" time="0.001">
    </testcase>
    <testcase classname="GameLobbyStore updateLobby should update a lobby in the collection" name="GameLobbyStore updateLobby should update a lobby in the collection" time="0.001">
    </testcase>
    <testcase classname="GameLobbyStore setPlayerReady should set a player ready in a lobby" name="GameLobbyStore setPlayerReady should set a player ready in a lobby" time="0.001">
    </testcase>
    <testcase classname="GameLobbyStore getLobby should retrieve a lobby" name="GameLobbyStore getLobby should retrieve a lobby" time="0.001">
    </testcase>
    <testcase classname="GameLobbyStore getAllLobby should retrieve all lobbies" name="GameLobbyStore getAllLobby should retrieve all lobbies" time="0.001">
    </testcase>
    <testcase classname="GameLobbyStore deleteLobby should delete a lobby" name="GameLobbyStore deleteLobby should delete a lobby" time="0.001">
    </testcase>
    <testcase classname="GameLobbyStore setPlayerBet should set a player bet in a lobby" name="GameLobbyStore setPlayerBet should set a player bet in a lobby" time="0.001">
    </testcase>
    <testcase classname="GameLobbyStore getPlayerCount should retrieve the player count for a lobby" name="GameLobbyStore getPlayerCount should retrieve the player count for a lobby" time="0.001">
    </testcase>
    <testcase classname="GameLobbyStore close should close the database connection" name="GameLobbyStore close should close the database connection" time="0.001">
    </testcase>
  </testsuite>
  <testsuite name="Baccarat" errors="0" failures="0" skipped="0" timestamp="2023-11-20T06:46:02" time="1.349" tests="2">
    <testcase classname="Baccarat newGame" name="Baccarat newGame" time="0.023">
    </testcase>
    <testcase classname="Baccarat random" name="Baccarat random" time="0.567">
    </testcase>
  </testsuite>
  <testsuite name="Blackjack" errors="0" failures="0" skipped="0" timestamp="2023-11-20T06:46:02" time="1.34" tests="2">
    <testcase classname="Blackjack newGame" name="Blackjack newGame" time="0.012">
    </testcase>
    <testcase classname="Blackjack random" name="Blackjack random" time="0.579">
    </testcase>
  </testsuite>
  <testsuite name="GameManager" errors="0" failures="0" skipped="0" timestamp="2023-11-20T06:46:02" time="3.932" tests="3">
    <testcase classname="GameManager should initialize the data structure correctly" name="GameManager should initialize the data structure correctly" time="0.041">
    </testcase>
    <testcase classname="GameManager should create a new game correctly" name="GameManager should create a new game correctly" time="1.006">
    </testcase>
    <testcase classname="GameManager should be able to game over" name="GameManager should be able to game over" time="1.775">
    </testcase>
  </testsuite>
  <testsuite name="GameLobby" errors="0" failures="0" skipped="0" timestamp="2023-11-20T06:46:02" time="4.221" tests="17">
    <testcase classname="GameLobby init should create a new lobby correctly" name="GameLobby init should create a new lobby correctly" time="0.013">
    </testcase>
    <testcase classname="GameLobby init should emit &quot;roomAlreadyExist&quot; if the lobby already exists" name="GameLobby init should emit &quot;roomAlreadyExist&quot; if the lobby already exists" time="0.001">
    </testcase>
    <testcase classname="GameLobby addPlayer should add a player to the lobby correctly" name="GameLobby addPlayer should add a player to the lobby correctly" time="0.002">
    </testcase>
    <testcase classname="GameLobby addPlayer should emit &quot;PlayerExceedMax&quot; if the lobby is full" name="GameLobby addPlayer should emit &quot;PlayerExceedMax&quot; if the lobby is full" time="0.001">
    </testcase>
    <testcase classname="GameLobby addPlayer should emit &quot;roomDoesNot&quot; if the lobby does not exist" name="GameLobby addPlayer should emit &quot;roomDoesNot&quot; if the lobby does not exist" time="0.001">
    </testcase>
    <testcase classname="GameLobby removePlayer should remove a player from the lobby correctly" name="GameLobby removePlayer should remove a player from the lobby correctly" time="0.001">
    </testcase>
    <testcase classname="GameLobby removePlayer should not remove a player if their socket ID is not found in any lobby" name="GameLobby removePlayer should not remove a player if their socket ID is not found in any lobby" time="0.001">
    </testcase>
    <testcase classname="GameLobby setPlayerReady should set a player ready in the lobby correctly" name="GameLobby setPlayerReady should set a player ready in the lobby correctly" time="0.001">
    </testcase>
    <testcase classname="GameLobby setPlayerReady should start the game when all players are ready" name="GameLobby setPlayerReady should start the game when all players are ready" time="0.002">
    </testcase>
    <testcase classname="GameLobby startGame should start a game correctly" name="GameLobby startGame should start a game correctly" time="3.016">
    </testcase>
    <testcase classname="GameLobby startGame should not start the game if gameManager is not initialized" name="GameLobby startGame should not start the game if gameManager is not initialized" time="0">
    </testcase>
    <testcase classname="GameLobby setPlayerBet should set a player bet correctly" name="GameLobby setPlayerBet should set a player bet correctly" time="0">
    </testcase>
    <testcase classname="GameLobby sendChatMessage should send a chat message correctly" name="GameLobby sendChatMessage should send a chat message correctly" time="0.001">
    </testcase>
    <testcase classname="GameLobby deleteLobby should delete a lobby correctly" name="GameLobby deleteLobby should delete a lobby correctly" time="0">
    </testcase>
    <testcase classname="GameLobby getLobby should retrieve a lobby correctly" name="GameLobby getLobby should retrieve a lobby correctly" time="0.001">
    </testcase>
    <testcase classname="GameLobby getAllLobby should retrieve all lobbies correctly" name="GameLobby getAllLobby should retrieve all lobbies correctly" time="0.001">
    </testcase>
    <testcase classname="GameLobby getPlayerCount should retrieve player count correctly" name="GameLobby getPlayerCount should retrieve player count correctly" time="0">
    </testcase>
  </testsuite>
</testsuites>